<?xml version="1.0" encoding="UTF-8"?>
<testng-results skipped="0" failed="1" ignored="0" total="1" passed="0">
  <reporter-output>
    <line>
      <![CDATA[28-Jul-2020 07:31:26 PM : <a target=_blank href=screenshots/screenshot_1.png>login  </a>]]>
    </line>
    <line>
      <![CDATA[28-Jul-2020 07:31:26 PM : sample log]]>
    </line>
    <line>
      <![CDATA[28-Jul-2020 07:31:31 PM : <a target=_blank href=screenshots/screenshot_2.png>Details input for user Register  </a>]]>
    </line>
    <line>
      <![CDATA[28-Jul-2020 07:31:33 PM : <a target=_blank href=screenshots/screenshot_3.png>Failure Screenshot  </a>]]>
    </line>
    <line>
      <![CDATA[28-Jul-2020 07:31:34 PM : java.lang.AssertionError: expected [Welcome Sam61] but found [Signing up is easy!]
	at org.testng.Assert.fail(Assert.java:93)
	at org.testng.Assert.failNotEquals(Assert.java:512)
	at org.testng.Assert.assertEqualsImpl(Assert.java:134)
	at org.testng.Assert.assertEquals(Assert.java:115)
	at org.testng.Assert.assertEquals(Assert.java:189)
	at org.testng.Assert.assertEquals(Assert.java:199)
	at com.internetapp.pages.ParasBank.Register(ParasBank.java:181)
	at com.internetapp.tests.ParasBankTest.Test2(ParasBankTest.java:22)
	at sun.reflect.NativeMethodAccessorImpl.invoke0(Native Method)
	at sun.reflect.NativeMethodAccessorImpl.invoke(NativeMethodAccessorImpl.java:62)
	at sun.reflect.DelegatingMethodAccessorImpl.invoke(DelegatingMethodAccessorImpl.java:43)
	at java.lang.reflect.Method.invoke(Method.java:498)
	at org.testng.internal.MethodInvocationHelper.invokeMethod(MethodInvocationHelper.java:108)
	at org.testng.internal.Invoker.invokeMethod(Invoker.java:661)
	at org.testng.internal.Invoker.invokeTestMethod(Invoker.java:869)
	at org.testng.internal.Invoker.invokeTestMethods(Invoker.java:1193)
	at org.testng.internal.TestMethodWorker.invokeTestMethods(TestMethodWorker.java:126)
	at org.testng.internal.TestMethodWorker.run(TestMethodWorker.java:109)
	at java.util.concurrent.ThreadPoolExecutor.runWorker(ThreadPoolExecutor.java:1149)
	at java.util.concurrent.ThreadPoolExecutor$Worker.run(ThreadPoolExecutor.java:624)
	at java.lang.Thread.run(Thread.java:748)
]]>
    </line>
  </reporter-output>
  <suite name="TestNG Suite" duration-ms="23903" started-at="2020-07-28T14:01:10Z" finished-at="2020-07-28T14:01:34Z">
    <groups>
      <group name="web">
        <method signature="ParasBankTest.Test2()[pri:0, instance:com.internetapp.tests.ParasBankTest@5762806e]" name="Test2" class="com.internetapp.tests.ParasBankTest"/>
      </group> <!-- web -->
    </groups>
    <test name="TestNG Test1" duration-ms="23903" started-at="2020-07-28T14:01:10Z" finished-at="2020-07-28T14:01:34Z">
      <class name="com.internetapp.tests.ParasBankTest">
        <test-method status="FAIL" signature="Test2()[pri:0, instance:com.internetapp.tests.ParasBankTest@5762806e]" name="Test2" duration-ms="23886" started-at="2020-07-28T19:31:10Z" finished-at="2020-07-28T19:31:34Z">
          <exception class="java.lang.NullPointerException">
            <full-stacktrace>
              <![CDATA[java.lang.NullPointerException
	at com.maveric.core.testng.listeners.RetryAnalyzer.getCount(RetryAnalyzer.java:35)
	at com.maveric.core.testng.listeners.ReportListener.afterInvocation(ReportListener.java:70)
	at org.testng.internal.invokers.InvokedMethodListenerInvoker$InvokeAfterInvocationWithoutContextStrategy.callMethod(InvokedMethodListenerInvoker.java:100)
	at org.testng.internal.invokers.InvokedMethodListenerInvoker.invokeListener(InvokedMethodListenerInvoker.java:62)
	at org.testng.internal.Invoker.runInvokedMethodListeners(Invoker.java:566)
	at org.testng.internal.Invoker.invokeMethod(Invoker.java:713)
	at org.testng.internal.Invoker.invokeTestMethod(Invoker.java:869)
	at org.testng.internal.Invoker.invokeTestMethods(Invoker.java:1193)
	at org.testng.internal.TestMethodWorker.invokeTestMethods(TestMethodWorker.java:126)
	at org.testng.internal.TestMethodWorker.run(TestMethodWorker.java:109)
	at java.util.concurrent.ThreadPoolExecutor.runWorker(ThreadPoolExecutor.java:1149)
	at java.util.concurrent.ThreadPoolExecutor$Worker.run(ThreadPoolExecutor.java:624)
	at java.lang.Thread.run(Thread.java:748)
]]>
            </full-stacktrace>
          </exception> <!-- java.lang.NullPointerException -->
          <reporter-output>
          </reporter-output>
        </test-method> <!-- Test2 -->
      </class> <!-- com.internetapp.tests.ParasBankTest -->
    </test> <!-- TestNG Test1 -->
  </suite> <!-- TestNG Suite -->
</testng-results>
