<?xml version="1.0" encoding="UTF-8"?>
<!-- Generated by org.testng.reporters.JUnitXMLReporter -->
<testsuite hostname="MAVBCP733" ignored="0" name="TestNG Test1" tests="1" failures="1" timestamp="28 Jul 2020 14:01:34 GMT" time="23.903" errors="0">
  <testcase name="Test2" time="23.886" classname="com.internetapp.tests.ParasBankTest">
    <failure type="java.lang.NullPointerException">
      <![CDATA[java.lang.NullPointerException
	at com.maveric.core.testng.listeners.RetryAnalyzer.getCount(RetryAnalyzer.java:35)
	at com.maveric.core.testng.listeners.ReportListener.afterInvocation(ReportListener.java:70)
	at java.util.concurrent.ThreadPoolExecutor.runWorker(ThreadPoolExecutor.java:1149)
	at java.util.concurrent.ThreadPoolExecutor$Worker.run(ThreadPoolExecutor.java:624)
	at java.lang.Thread.run(Thread.java:748)
... Removed 8 stack frames]]>
    </failure>
  </testcase> <!-- Test2 -->
</testsuite> <!-- TestNG Test1 -->
